SF:lib\domain\garden.dart
DA:7,1
DA:9,4
DA:10,4
DA:11,4
DA:12,4
DA:16,0
DA:17,0
LF:7
LH:5
end_of_record
SF:lib\domain\plant.dart
DA:7,1
DA:9,0
DA:11,0
DA:14,0
DA:16,0
DA:19,0
DA:21,0
DA:27,0
DA:31,0
DA:39,0
DA:45,1
DA:46,4
DA:49,1
DA:50,2
DA:51,3
DA:52,2
DA:53,5
DA:57,0
DA:59,0
DA:60,0
DA:61,0
DA:62,0
DA:68,0
DA:70,0
DA:71,0
DA:73,0
DA:74,0
DA:75,0
DA:77,0
DA:78,0
DA:80,0
DA:81,0
DA:82,0
DA:83,0
DA:84,0
LF:35
LH:8
end_of_record
SF:lib\main.dart
DA:3,0
DA:7,1
DA:9,1
DA:11,1
DA:23,1
DA:29,2
DA:42,1
DA:43,1
DA:49,1
DA:50,2
DA:56,2
DA:60,1
DA:68,1
DA:69,1
DA:72,3
DA:74,1
DA:77,1
DA:93,1
DA:94,1
DA:97,1
DA:98,2
DA:99,3
DA:104,1
DA:105,1
DA:107,1
LF:25
LH:24
end_of_record
